--------------------------------------------------------------------------------
Release 14.7 Trace  (nt64)
Copyright (c) 1995-2013 Xilinx, Inc.  All rights reserved.

C:\Xilinx\14.7\ISE_DS\ISE\bin\nt64\unwrapped\trce.exe -intstyle ise -v 3 -s 3
-n 3 -fastpaths -xml module.twx module.ncd -o module.twr module.pcf -ucf
config.ucf

Design file:              module.ncd
Physical constraint file: module.pcf
Device,package,speed:     xc6slx16,csg324,C,-3 (PRODUCTION 1.23 2013-10-13)
Report level:             verbose report

Environment Variable      Effect 
--------------------      ------ 
NONE                      No environment variables were set
--------------------------------------------------------------------------------

INFO:Timing:2698 - No timing constraints found, doing default enumeration.
INFO:Timing:3412 - To improve timing, see the Timing Closure User Guide (UG612).
INFO:Timing:2752 - To get complete path coverage, use the unconstrained paths 
   option. All paths that are not constrained will be reported in the 
   unconstrained paths section(s) of the report.
INFO:Timing:3339 - The clock-to-out numbers in this timing report are based on 
   a 50 Ohm transmission line loading model.  For the details of this model, 
   and for more information on accounting for different loading conditions, 
   please see the device datasheet.



Data Sheet report:
-----------------
All values displayed in nanoseconds (ns)

Pad to Pad
---------------+---------------+---------+
Source Pad     |Destination Pad|  Delay  |
---------------+---------------+---------+
btn1           |led<5>         |   11.433|
btn2           |led<5>         |   10.856|
btn3           |led<4>         |   11.129|
btn4           |led<4>         |   10.896|
sw<0>          |led<0>         |    6.765|
sw<1>          |led<0>         |    6.896|
sw<2>          |led<1>         |    7.580|
sw<3>          |led<1>         |    7.779|
sw<4>          |led<2>         |    7.633|
sw<5>          |led<2>         |    7.836|
sw<6>          |led<3>         |    8.413|
sw<7>          |led<3>         |    8.712|
---------------+---------------+---------+


Analysis completed Fri Dec 05 16:23:06 2025 
--------------------------------------------------------------------------------

Trace Settings:
-------------------------
Trace Settings 

Peak Memory Usage: 4553 MB



